cl4055
*   444ba9a 9th commit (4th on testing).
|\  
| *   9cf5896 8th commit (2nd on testing2).
| |\  
| * | b4e7752 5th commit (1st on testing2).
* | |   d86abce 7th commit (3rd on testing).
|\ \ \  
| | |/  
| |/|   
| * |   a58a70c 4th commit (3rd on master).
| |\ \  
| | |/  
| |/|   
| * | 749ca17 3rd commit (2nd on master).
* | | cc8dcb7 6th commit (2nd on testing).
| |/  
|/|   
* | b6e04c0 2nd commit (1st on testing).
|/  
* d748e0a 1st commit (1st on msater).

hz1625
*   f50a80b 9th commit (3rd on testing2).
|\  
| *   13aaf5a 7th commit (3rd on testing1).
| |\  
| * | 6a0a641 6th commit (2nd on testing1).
* | |   8df667e 8th commit (2nd on testing2).
|\ \ \  
| | |/  
| |/|   
| * |   e3a04c3 5th commit (3rd on master).
| |\ \  
| | |/  
| | * 4cf8adc 3rd commit (1st on testing1).
* | | 09a7379 4th commit (1st on testing2).
|/ /  
* | d751d87 2nd commit (2nd on master).
|/  
* 4b00ec1 1st commit (1st on master).
