cl4055
*   444ba9a 9th commit (4th on testing).
|\  
| *   9cf5896 8th commit (2nd on testing2).
| |\  
| * | b4e7752 5th commit (1st on testing2).
* | |   d86abce 7th commit (3rd on testing).
|\ \ \  
| | |/  
| |/|   
| * |   a58a70c 4th commit (3rd on master).
| |\ \  
| | |/  
| |/|   
| * | 749ca17 3rd commit (2nd on master).
* | | cc8dcb7 6th commit (2nd on testing).
| |/  
|/|   
* | b6e04c0 2nd commit (1st on testing).
|/  
* d748e0a 1st commit (1st on msater).

ns3783
*   037cca4 9th commit (3rd on testing2).
|\  
| *   4e21fc8 7th commit (3rd on testing1).
| |\  
| * | 77ff3b5 6th commit (2nd on testing1).
* | |   83fe7f8 8th commit (2nd on testing2).
|\ \ \  
| | |/  
| |/|   
| * |   b019f18 5th commit (3rd on master).
| |\ \  
| | |/  
| | * d499c76 3rd commit (1st on testing1).
* | | 7c83808 4th commit (1st on testing2).
|/ /  
* | b15513a 2nd commit (2nd on master).
|/  
* ea48d4e 1st commit (1st on master).
